2026-06-28 22:01:37,865 | INFO | Loading existing unified dataset from C:\Users\HP\OneDrive - The Northcap university\Documents\xyz\customer-churn-prediction\data\unified_churn_dataset.csv
2026-06-28 22:01:38,200 | INFO | Training churn rate: 21.41%
2026-06-28 22:01:40,868 | INFO | SMOTE applied: 18,138 -> 28,510 samples
2026-06-28 22:01:40,870 | INFO | Training Logistic Regression
2026-06-28 22:01:41,048 | INFO | Training Random Forest
2026-06-28 22:01:44,996 | INFO | Training XGBoost
2026-06-29 19:33:32,978 | INFO | Loading existing unified dataset from C:\Users\HP\OneDrive - The Northcap university\Documents\xyz\customer-churn-prediction\data\unified_churn_dataset.csv
2026-06-29 19:33:33,343 | INFO | Training churn rate: 21.41%
2026-06-29 19:33:37,221 | INFO | SMOTE applied: 18,138 -> 28,510 samples
2026-06-29 19:33:37,222 | INFO | Training Logistic Regression
2026-06-29 19:33:37,420 | INFO | Training Random Forest
2026-06-29 19:33:41,446 | INFO | Training XGBoost
2026-06-29 19:45:26,861 | INFO | Loading existing unified dataset from C:\Users\HP\OneDrive - The Northcap university\Documents\xyz\customer-churn-prediction\data\unified_churn_dataset.csv
2026-06-29 19:45:27,177 | INFO | Training churn rate: 21.41%
2026-06-29 19:45:29,584 | INFO | SMOTE applied: 18,138 -> 28,510 samples
2026-06-29 19:45:29,586 | INFO | Training Logistic Regression
2026-06-29 19:45:29,790 | INFO | Training Random Forest
2026-06-29 19:45:36,819 | INFO | Training XGBoost
2026-06-29 20:35:01,897 | INFO | Loading existing unified dataset from C:\Users\HP\OneDrive - The Northcap university\Documents\xyz\customer-churn-prediction\data\unified_churn_dataset.csv
2026-06-29 20:35:02,268 | INFO | Training churn rate: 21.41%
2026-06-29 20:35:04,738 | INFO | SMOTE applied: 18,138 -> 28,510 samples
2026-06-29 20:35:04,739 | INFO | Training Logistic Regression
2026-06-29 20:35:04,921 | INFO | Training Random Forest
2026-06-29 20:35:09,730 | INFO | Training XGBoost
2026-07-04 20:24:16,900 | INFO | Loading existing unified dataset from C:\Users\HP\OneDrive - The Northcap university\Documents\xyz\customer-churn-prediction\data\unified_churn_dataset.csv
2026-07-04 20:24:17,489 | INFO | Training churn rate: 21.41%
2026-07-04 20:24:21,687 | INFO | SMOTE applied: 18,138 -> 28,510 samples
2026-07-04 20:24:21,688 | INFO | Training Logistic Regression
2026-07-04 20:24:21,997 | INFO | Training Random Forest
2026-07-04 20:24:25,962 | INFO | Training XGBoost
2026-07-04 20:31:21,914 | INFO | Training churn rate: 52.33%
2026-07-04 21:40:08,802 | INFO | Training churn rate: 52.33%
2026-07-08 13:54:26,178 | WARNING | Matplotlib is building the font cache; this may take a moment.
2026-07-08 13:54:29,939 | INFO | generated new fontManager
2026-07-08 13:54:31,332 | INFO | Loading existing unified dataset from C:\Users\HP\OneDrive - The Northcap university\Documents\xyz\customer-churn-prediction\data\unified_churn_dataset.csv
2026-07-08 13:54:31,929 | INFO | Training churn rate: 21.41%
2026-07-08 13:54:37,103 | INFO | SMOTE applied: 18,138 -> 28,510 samples
2026-07-08 13:54:37,104 | INFO | Training Logistic Regression
2026-07-08 13:54:37,460 | INFO | Training Random Forest
2026-07-08 13:54:42,054 | INFO | Training XGBoost
2026-07-08 18:29:36,759 | INFO | Loading existing unified dataset from C:\Users\HP\OneDrive - The Northcap university\Documents\xyz\customer-churn-prediction\data\unified_churn_dataset.csv
2026-07-08 18:29:37,277 | INFO | Training churn rate: 21.41%
2026-07-08 18:29:41,984 | INFO | SMOTE applied: 18,138 -> 28,510 samples
2026-07-08 18:29:41,984 | INFO | Training Logistic Regression
2026-07-08 18:29:42,214 | INFO | Training Random Forest
2026-07-08 18:29:44,934 | INFO | Training XGBoost
2026-07-09 01:27:33,930 | INFO | Loading existing unified dataset from C:\Users\HP\OneDrive - The Northcap university\Documents\xyz\customer-churn-prediction\data\unified_churn_dataset.csv
2026-07-09 01:27:34,447 | INFO | Training churn rate: 21.41%
2026-07-09 01:27:38,783 | INFO | SMOTE applied: 18,138 -> 28,510 samples
2026-07-09 01:27:38,784 | INFO | Training Logistic Regression
2026-07-09 01:27:39,257 | INFO | Training Random Forest
2026-07-09 01:27:44,960 | INFO | Training XGBoost
2026-07-09 01:40:38,893 | INFO | Loading existing unified dataset from C:\Users\HP\OneDrive - The Northcap university\Documents\xyz\customer-churn-prediction\data\unified_churn_dataset.csv
2026-07-09 01:40:39,311 | INFO | Training churn rate: 21.41%
2026-07-09 01:40:44,637 | INFO | SMOTE applied: 18,138 -> 28,510 samples
2026-07-09 01:40:50,415 | INFO | Training Logistic Regression
2026-07-09 01:41:26,956 | INFO | Training Random Forest
2026-07-09 01:42:05,913 | INFO | Training XGBoost
2026-07-09 01:44:40,203 | INFO | Loading existing unified dataset from C:\Users\HP\OneDrive - The Northcap university\Documents\xyz\customer-churn-prediction\data\unified_churn_dataset.csv
2026-07-09 01:44:42,588 | INFO | Training churn rate: 21.41%
2026-07-09 01:44:47,903 | INFO | SMOTE applied: 18,138 -> 28,510 samples
2026-07-09 01:46:11,133 | INFO | Loading existing unified dataset from C:\Users\HP\OneDrive - The Northcap university\Documents\xyz\customer-churn-prediction\data\unified_churn_dataset.csv
2026-07-09 01:46:11,511 | INFO | Training churn rate: 21.41%
2026-07-09 01:46:13,961 | INFO | SMOTE applied: 18,138 -> 28,510 samples
2026-07-09 01:46:16,880 | INFO | Training Logistic Regression
2026-07-09 01:46:45,709 | INFO | Training Random Forest
2026-07-09 01:47:11,762 | INFO | Training XGBoost
2026-07-09 01:53:00,907 | INFO | Loading existing unified dataset from C:\Users\HP\OneDrive - The Northcap university\Documents\xyz\customer-churn-prediction\data\unified_churn_dataset.csv
2026-07-09 01:53:01,451 | INFO | Training churn rate: 21.41%
2026-07-09 01:53:40,545 | INFO | Loading existing unified dataset from C:\Users\HP\OneDrive - The Northcap university\Documents\xyz\customer-churn-prediction\data\unified_churn_dataset.csv
2026-07-09 01:53:40,886 | INFO | Training churn rate: 21.41%
2026-07-09 01:53:43,234 | INFO | SMOTE applied: 18,138 -> 28,510 samples
2026-07-09 01:53:48,173 | INFO | Training Logistic Regression
2026-07-09 01:54:10,451 | INFO | Training Random Forest
2026-07-09 01:54:25,191 | INFO | Training XGBoost
2026-07-09 13:35:20,555 | INFO | Loading existing unified dataset from C:\Users\HP\OneDrive - The Northcap university\Documents\xyz\customer-churn-prediction\data\unified_churn_dataset.csv
2026-07-09 13:35:20,978 | INFO | Training churn rate: 21.41%
2026-07-09 13:35:25,259 | INFO | SMOTE applied: 18,138 -> 28,510 samples
2026-07-09 13:35:28,211 | INFO | Training Logistic Regression
2026-07-09 13:36:00,074 | INFO | Training Random Forest
2026-07-09 13:36:28,288 | INFO | Training XGBoost
2026-07-09 13:40:09,744 | INFO | Loading existing unified dataset from C:\Users\HP\OneDrive - The Northcap university\Documents\xyz\customer-churn-prediction\data\unified_churn_dataset.csv
2026-07-09 13:40:10,167 | INFO | Training churn rate: 21.41%
2026-07-09 13:40:13,118 | INFO | SMOTE applied: 18,138 -> 28,510 samples
2026-07-09 13:40:15,685 | INFO | Training Logistic Regression
2026-07-09 13:40:33,970 | INFO | Training Random Forest
2026-07-09 13:40:51,870 | INFO | Training XGBoost

2026-07-19 17:50:50,694 | INFO | Loading existing unified dataset from C:\Users\HP\OneDrive - The Northcap university\Documents\customer-churn-prediction\data\unified_churn_dataset.csv
2026-07-19 17:50:51,001 | INFO | Training churn rate: 21.41%
2026-07-19 17:50:54,551 | INFO | SMOTE applied: 18,138 -> 28,510 samples
2026-07-19 17:50:56,726 | INFO | Training Logistic Regression
2026-07-19 17:51:20,805 | INFO | Training Random Forest
2026-07-19 17:51:41,864 | INFO | Training XGBoost
2026-07-19 17:55:20,419 | INFO | Unified dataset not found on disk — building it now...
2026-07-19 17:57:03,568 | INFO | Loading existing unified dataset from C:\Users\HP\OneDrive - The Northcap university\Documents\customer-churn-prediction\data\unified_churn_dataset (1).csv
2026-07-19 17:57:03,829 | INFO | Training churn rate: 18.54%
2026-07-19 17:57:05,606 | INFO | SMOTE applied: 15,024 -> 24,478 samples
2026-07-19 17:57:07,259 | INFO | Training Logistic Regression
2026-07-19 17:57:26,061 | INFO | Training Random Forest
2026-07-19 17:57:43,254 | INFO | Training XGBoost
2026-07-19 18:02:11,793 | INFO | Loading existing unified dataset from C:\Users\HP\OneDrive - The Northcap university\Documents\customer-churn-prediction\data\unified_churn_dataset.csv
2026-07-19 18:02:12,288 | INFO | Training churn rate: 21.41%
2026-07-19 18:02:14,617 | INFO | SMOTE applied: 18,138 -> 28,510 samples
2026-07-19 18:02:17,299 | INFO | Training Logistic Regression
2026-07-19 18:02:37,359 | INFO | Training Random Forest
2026-07-19 18:02:54,077 | INFO | Training XGBoost
2026-07-19 18:28:18,800 | INFO | Loading existing unified dataset from C:\Users\HP\OneDrive - The Northcap university\Documents\customer-churn-prediction\data\unified_churn_dataset.csv
2026-07-19 18:28:19,154 | INFO | Training churn rate: 21.40%
2026-07-19 18:28:22,200 | INFO | SMOTE applied: 15,417 -> 24,234 samples
2026-07-19 18:28:23,809 | INFO | Training Logistic Regression
2026-07-19 18:28:46,949 | INFO | Training Random Forest
2026-07-19 18:29:05,165 | INFO | Training XGBoost
2026-07-19 18:30:56,388 | INFO | Loading existing unified dataset from C:\Users\HP\OneDrive - The Northcap university\Documents\customer-churn-prediction\data\unified_churn_dataset.csv
2026-07-19 18:30:56,931 | INFO | Training churn rate: 21.40%
2026-07-19 18:30:59,978 | INFO | SMOTE applied: 15,417 -> 24,234 samples
2026-07-19 18:31:01,739 | INFO | Training Logistic Regression
2026-07-19 18:31:22,433 | INFO | Training Random Forest
2026-07-19 18:31:42,425 | INFO | Training XGBoost
2026-07-19 18:37:11,070 | INFO | Loading existing unified dataset from C:\Users\HP\OneDrive - The Northcap university\Documents\customer-churn-prediction\data\unified_churn_dataset.csv
2026-07-19 18:37:11,787 | INFO | Training churn rate: 21.40%
2026-07-19 18:37:14,175 | INFO | SMOTE applied: 15,417 -> 24,234 samples
2026-07-19 18:37:16,884 | INFO | Training Logistic Regression
2026-07-19 18:37:50,980 | INFO | Training Random Forest
2026-07-19 18:38:20,807 | INFO | Training XGBoost
2026-07-19 18:44:49,229 | INFO | Loading existing unified dataset from C:\Users\HP\OneDrive - The Northcap university\Documents\customer-churn-prediction\data\unified_churn_dataset.csv
2026-07-19 18:44:49,695 | INFO | Training churn rate: 21.40%
2026-07-19 18:44:52,346 | INFO | SMOTE applied: 15,417 -> 24,234 samples
2026-07-19 18:44:55,152 | INFO | Training Logistic Regression
2026-07-19 18:45:31,486 | INFO | Training Random Forest
2026-07-19 18:46:01,230 | INFO | Training XGBoost
2026-07-19 18:49:47,209 | INFO | setup plugin alembic.autogenerate.schemas
2026-07-19 18:49:47,213 | INFO | setup plugin alembic.autogenerate.tables
2026-07-19 18:49:47,213 | INFO | setup plugin alembic.autogenerate.types
2026-07-19 18:49:47,213 | INFO | setup plugin alembic.autogenerate.constraints
2026-07-19 18:49:47,213 | INFO | setup plugin alembic.autogenerate.defaults
2026-07-19 18:49:47,213 | INFO | setup plugin alembic.autogenerate.comments
2026-07-19 19:22:05,557 | INFO | setup plugin alembic.autogenerate.schemas
2026-07-19 19:22:05,567 | INFO | setup plugin alembic.autogenerate.tables
2026-07-19 19:22:05,567 | INFO | setup plugin alembic.autogenerate.types
2026-07-19 19:22:05,571 | INFO | setup plugin alembic.autogenerate.constraints
2026-07-19 19:22:05,571 | INFO | setup plugin alembic.autogenerate.defaults
2026-07-19 19:22:05,571 | INFO | setup plugin alembic.autogenerate.comments
2026-07-20 00:24:15,285 | INFO | Loading existing unified dataset from C:\Users\HP\OneDrive - The Northcap university\Documents\customer-churn-prediction\data\unified_churn_dataset.csv
2026-07-20 00:24:16,181 | INFO | Training churn rate: 21.40%
2026-07-20 00:24:22,084 | INFO | SMOTE applied: 15,417 -> 24,234 samples
2026-07-20 00:24:26,700 | INFO | Training Logistic Regression
2026-07-20 00:25:20,511 | INFO | Training Random Forest
2026-07-20 00:26:05,531 | INFO | Training XGBoost
2026-07-20 21:44:50,067 | ERROR | Task exception was never retrieved
future: <Task finished name='Task-635' coro=<WebSocketProtocol13.write_message.<locals>.wrapper() done, defined at C:\Users\HP\AppData\Local\Programs\Python\Python311\Lib\site-packages\tornado\websocket.py:1111> exception=WebSocketClosedError()>
Traceback (most recent call last):
  File "C:\Users\HP\AppData\Local\Programs\Python\Python311\Lib\site-packages\tornado\websocket.py", line 1113, in wrapper
    await fut
tornado.iostream.StreamClosedError: Stream is closed

During handling of the above exception, another exception occurred:

Traceback (most recent call last):
  File "C:\Users\HP\AppData\Local\Programs\Python\Python311\Lib\site-packages\tornado\websocket.py", line 1115, in wrapper
    raise WebSocketClosedError()
tornado.websocket.WebSocketClosedError
2026-07-20 21:44:50,524 | ERROR | Task exception was never retrieved
future: <Task finished name='Task-638' coro=<WebSocketProtocol13.write_message.<locals>.wrapper() done, defined at C:\Users\HP\AppData\Local\Programs\Python\Python311\Lib\site-packages\tornado\websocket.py:1111> exception=WebSocketClosedError()>
Traceback (most recent call last):
  File "C:\Users\HP\AppData\Local\Programs\Python\Python311\Lib\site-packages\tornado\websocket.py", line 1113, in wrapper
    await fut
tornado.iostream.StreamClosedError: Stream is closed

During handling of the above exception, another exception occurred:

Traceback (most recent call last):
  File "C:\Users\HP\AppData\Local\Programs\Python\Python311\Lib\site-packages\tornado\websocket.py", line 1115, in wrapper
    raise WebSocketClosedError()
tornado.websocket.WebSocketClosedError
2026-07-20 21:44:50,602 | ERROR | Task exception was never retrieved
future: <Task finished name='Task-639' coro=<WebSocketProtocol13.write_message.<locals>.wrapper() done, defined at C:\Users\HP\AppData\Local\Programs\Python\Python311\Lib\site-packages\tornado\websocket.py:1111> exception=WebSocketClosedError()>
Traceback (most recent call last):
  File "C:\Users\HP\AppData\Local\Programs\Python\Python311\Lib\site-packages\tornado\websocket.py", line 1113, in wrapper
    await fut
tornado.iostream.StreamClosedError: Stream is closed

During handling of the above exception, another exception occurred:

Traceback (most recent call last):
  File "C:\Users\HP\AppData\Local\Programs\Python\Python311\Lib\site-packages\tornado\websocket.py", line 1115, in wrapper
    raise WebSocketClosedError()
tornado.websocket.WebSocketClosedError
2026-07-20 21:44:50,665 | ERROR | Task exception was never retrieved
future: <Task finished name='Task-640' coro=<WebSocketProtocol13.write_message.<locals>.wrapper() done, defined at C:\Users\HP\AppData\Local\Programs\Python\Python311\Lib\site-packages\tornado\websocket.py:1111> exception=WebSocketClosedError()>
Traceback (most recent call last):
  File "C:\Users\HP\AppData\Local\Programs\Python\Python311\Lib\site-packages\tornado\websocket.py", line 1113, in wrapper
    await fut
tornado.iostream.StreamClosedError: Stream is closed

During handling of the above exception, another exception occurred:

Traceback (most recent call last):
  File "C:\Users\HP\AppData\Local\Programs\Python\Python311\Lib\site-packages\tornado\websocket.py", line 1115, in wrapper
    raise WebSocketClosedError()
tornado.websocket.WebSocketClosedError
2026-07-20 21:44:50,729 | ERROR | Task exception was never retrieved
future: <Task finished name='Task-641' coro=<WebSocketProtocol13.write_message.<locals>.wrapper() done, defined at C:\Users\HP\AppData\Local\Programs\Python\Python311\Lib\site-packages\tornado\websocket.py:1111> exception=WebSocketClosedError()>
Traceback (most recent call last):
  File "C:\Users\HP\AppData\Local\Programs\Python\Python311\Lib\site-packages\tornado\websocket.py", line 1113, in wrapper
    await fut
tornado.iostream.StreamClosedError: Stream is closed

During handling of the above exception, another exception occurred:

Traceback (most recent call last):
  File "C:\Users\HP\AppData\Local\Programs\Python\Python311\Lib\site-packages\tornado\websocket.py", line 1115, in wrapper
    raise WebSocketClosedError()
tornado.websocket.WebSocketClosedError
